# JRE version: OpenJDK Runtime Environment (11.0.11+9) (build 11.0.11+9-b60-7590822)
# Java VM: OpenJDK 64-Bit Server VM (11.0.11+9-b60-7590822, mixed mode, tiered, compressed oops, g1 gc, windows-amd64)
Heap:
 garbage-first heap   total 284672K, used 169831K [0x0000000080000000, 0x0000000100000000)
  region size 1024K, 5 young (5120K), 5 survivors (5120K)
 Metaspace       used 99541K, capacity 101879K, committed 102052K, reserved 1138688K
  class space    used 12969K, capacity 13885K, committed 13952K, reserved 1048576K
GC Heap History (20 events):
Event: 31.494 GC heap before
{Heap before GC invocations=15 (full 0):
 garbage-first heap   total 196608K, used 153182K [0x0000000080000000, 0x0000000100000000)
  region size 1024K, 88 young (90112K), 12 survivors (12288K)
 Metaspace       used 90105K, capacity 92220K, committed 92324K, reserved 1130496K
  class space    used 11624K, capacity 12392K, committed 12416K, reserved 1048576K
}
Event: 31.517 GC heap after
{Heap after GC invocations=16 (full 0):
 garbage-first heap   total 196608K, used 81480K [0x0000000080000000, 0x0000000100000000)
  region size 1024K, 5 young (5120K), 5 survivors (5120K)
 Metaspace       used 90105K, capacity 92220K, committed 92324K, reserved 1130496K
  class space    used 11624K, capacity 12392K, committed 12416K, reserved 1048576K
}
Event: 32.572 GC heap before
{Heap before GC invocations=16 (full 0):
 garbage-first heap   total 196608K, used 157256K [0x0000000080000000, 0x0000000100000000)
  region size 1024K, 80 young (81920K), 5 survivors (5120K)
 Metaspace       used 92131K, capacity 94280K, committed 94372K, reserved 1130496K
  class space    used 11862K, capacity 12636K, committed 12672K, reserved 1048576K
}
Event: 32.588 GC heap after
{Heap after GC invocations=17 (full 0):
 garbage-first heap   total 196608K, used 94986K [0x0000000080000000, 0x0000000100000000)
  region size 1024K, 10 young (10240K), 10 survivors (10240K)
 Metaspace       used 92131K, capacity 94280K, committed 94372K, reserved 1130496K
  class space    used 11862K, capacity 12636K, committed 12672K, reserved 1048576K
}
Event: 33.144 GC heap before
{Heap before GC invocations=17 (full 0):
 garbage-first heap   total 196608K, used 157450K [0x0000000080000000, 0x0000000100000000)
  region size 1024K, 70 young (71680K), 10 survivors (10240K)
 Metaspace       used 94484K, capacity 96672K, committed 96804K, reserved 1132544K
  class space    used 12210K, capacity 13020K, committed 13056K, reserved 1048576K
}
Event: 33.161 GC heap after
{Heap after GC invocations=18 (full 0):
 garbage-first heap   total 196608K, used 106037K [0x0000000080000000, 0x0000000100000000)
  region size 1024K, 9 young (9216K), 9 survivors (9216K)
 Metaspace       used 94484K, capacity 96672K, committed 96804K, reserved 1132544K
  class space    used 12210K, capacity 13020K, committed 13056K, reserved 1048576K
}
Event: 33.886 GC heap before
{Heap before GC invocations=18 (full 0):
 garbage-first heap   total 196608K, used 155189K [0x0000000080000000, 0x0000000100000000)
  region size 1024K, 57 young (58368K), 9 survivors (9216K)
 Metaspace       used 96072K, capacity 98334K, committed 98596K, reserved 1134592K
  class space    used 12414K, capacity 13249K, committed 13312K, reserved 1048576K
}
Event: 33.928 GC heap after
{Heap after GC invocations=19 (full 0):
 garbage-first heap   total 196608K, used 113528K [0x0000000080000000, 0x0000000100000000)
  region size 1024K, 8 young (8192K), 8 survivors (8192K)
 Metaspace       used 96072K, capacity 98334K, committed 98596K, reserved 1134592K
  class space    used 12414K, capacity 13249K, committed 13312K, reserved 1048576K
}
Event: 34.450 GC heap before
{Heap before GC invocations=20 (full 0):
 garbage-first heap   total 196608K, used 155512K [0x0000000080000000, 0x0000000100000000)
  region size 1024K, 49 young (50176K), 8 survivors (8192K)
 Metaspace       used 96286K, capacity 98438K, committed 98596K, reserved 1134592K
  class space    used 12430K, capacity 13237K, committed 13312K, reserved 1048576K
}
Event: 34.488 GC heap after
{Heap after GC invocations=21 (full 0):
 garbage-first heap   total 196608K, used 123069K [0x0000000080000000, 0x0000000100000000)
  region size 1024K, 7 young (7168K), 7 survivors (7168K)
 Metaspace       used 96286K, capacity 98438K, committed 98596K, reserved 1134592K
  class space    used 12430K, capacity 13237K, committed 13312K, reserved 1048576K
}
Event: 34.779 GC heap before
{Heap before GC invocations=21 (full 0):
 garbage-first heap   total 196608K, used 156861K [0x0000000080000000, 0x0000000100000000)
  region size 1024K, 41 young (41984K), 7 survivors (7168K)
 Metaspace       used 96964K, capacity 99142K, committed 99492K, reserved 1136640K
  class space    used 12519K, capacity 13342K, committed 13440K, reserved 1048576K
}
Event: 34.803 GC heap after
{Heap after GC invocations=22 (full 0):
 garbage-first heap   total 236544K, used 130280K [0x0000000080000000, 0x0000000100000000)
  region size 1024K, 6 young (6144K), 6 survivors (6144K)
 Metaspace       used 96964K, capacity 99142K, committed 99492K, reserved 1136640K
  class space    used 12519K, capacity 13342K, committed 13440K, reserved 1048576K
}
Event: 35.410 GC heap before
{Heap before GC invocations=23 (full 0):
 garbage-first heap   total 236544K, used 175336K [0x0000000080000000, 0x0000000100000000)
  region size 1024K, 51 young (52224K), 6 survivors (6144K)
 Metaspace       used 97767K, capacity 100090K, committed 100516K, reserved 1136640K
  class space    used 12643K, capacity 13522K, committed 13696K, reserved 1048576K
}
Event: 35.442 GC heap after
{Heap after GC invocations=24 (full 0):
 garbage-first heap   total 236544K, used 140259K [0x0000000080000000, 0x0000000100000000)
  region size 1024K, 7 young (7168K), 7 survivors (7168K)
 Metaspace       used 97767K, capacity 100090K, committed 100516K, reserved 1136640K
  class space    used 12643K, capacity 13522K, committed 13696K, reserved 1048576K
}
Event: 35.604 GC heap before
{Heap before GC invocations=24 (full 0):
 garbage-first heap   total 236544K, used 183267K [0x0000000080000000, 0x0000000100000000)
  region size 1024K, 49 young (50176K), 7 survivors (7168K)
 Metaspace       used 98151K, capacity 100450K, committed 100772K, reserved 1136640K
  class space    used 12718K, capacity 13598K, committed 13696K, reserved 1048576K
}
Event: 35.629 GC heap after
{Heap after GC invocations=25 (full 0):
 garbage-first heap   total 236544K, used 149085K [0x0000000080000000, 0x0000000100000000)
  region size 1024K, 7 young (7168K), 7 survivors (7168K)
 Metaspace       used 98151K, capacity 100450K, committed 100772K, reserved 1136640K
  class space    used 12718K, capacity 13598K, committed 13696K, reserved 1048576K
}
Event: 35.937 GC heap before
{Heap before GC invocations=25 (full 0):
 garbage-first heap   total 236544K, used 189021K [0x0000000080000000, 0x0000000100000000)
  region size 1024K, 46 young (47104K), 7 survivors (7168K)
 Metaspace       used 98315K, capacity 100610K, committed 100772K, reserved 1136640K
  class space    used 12739K, capacity 13630K, committed 13696K, reserved 1048576K
}
Event: 35.963 GC heap after
{Heap after GC invocations=26 (full 0):
 garbage-first heap   total 236544K, used 156871K [0x0000000080000000, 0x0000000100000000)
  region size 1024K, 6 young (6144K), 6 survivors (6144K)
 Metaspace       used 98315K, capacity 100610K, committed 100772K, reserved 1136640K
  class space    used 12739K, capacity 13630K, committed 13696K, reserved 1048576K
}
Event: 36.169 GC heap before
{Heap before GC invocations=26 (full 0):
 garbage-first heap   total 236544K, used 192711K [0x0000000080000000, 0x0000000100000000)
  region size 1024K, 41 young (41984K), 6 survivors (6144K)
 Metaspace       used 98401K, capacity 100688K, committed 101028K, reserved 1136640K
  class space    used 12754K, capacity 13636K, committed 13696K, reserved 1048576K
}
Event: 36.196 GC heap after
{Heap after GC invocations=27 (full 0):
 garbage-first heap   total 236544K, used 164040K [0x0000000080000000, 0x0000000100000000)
  region size 1024K, 6 young (6144K), 6 survivors (6144K)
 Metaspace       used 98401K, capacity 100688K, committed 101028K, reserved 1136640K
  class space    used 12754K, capacity 13636K, committed 13696K, reserved 1048576K
}

