# JRE version: OpenJDK Runtime Environment (11.0.11+9) (build 11.0.11+9-b60-7590822)
# Java VM: OpenJDK 64-Bit Server VM (11.0.11+9-b60-7590822, mixed mode, tiered, compressed oops, g1 gc, windows-amd64)
Heap:
 garbage-first heap   total 510976K, used 197734K [0x0000000080000000, 0x0000000100000000)
  region size 1024K, 18 young (18432K), 18 survivors (18432K)
 Metaspace       used 118585K, capacity 121517K, committed 121860K, reserved 1155072K
  class space    used 14683K, capacity 15802K, committed 16000K, reserved 1048576K
GC Heap History (20 events):
Event: 266.724 GC heap before
{Heap before GC invocations=53 (full 0):
 garbage-first heap   total 270336K, used 195232K [0x0000000080000000, 0x0000000100000000)
  region size 1024K, 44 young (45056K), 1 survivors (1024K)
 Metaspace       used 116254K, capacity 119028K, committed 119812K, reserved 1153024K
  class space    used 14491K, capacity 15561K, committed 16000K, reserved 1048576K
}
Event: 266.733 GC heap after
{Heap after GC invocations=54 (full 0):
 garbage-first heap   total 270336K, used 151752K [0x0000000080000000, 0x0000000100000000)
  region size 1024K, 2 young (2048K), 2 survivors (2048K)
 Metaspace       used 116254K, capacity 119028K, committed 119812K, reserved 1153024K
  class space    used 14491K, capacity 15561K, committed 16000K, reserved 1048576K
}
Event: 267.157 GC heap before
{Heap before GC invocations=54 (full 0):
 garbage-first heap   total 270336K, used 198856K [0x0000000080000000, 0x0000000100000000)
  region size 1024K, 48 young (49152K), 2 survivors (2048K)
 Metaspace       used 116865K, capacity 119630K, committed 120324K, reserved 1153024K
  class space    used 14561K, capacity 15630K, committed 16000K, reserved 1048576K
}
Event: 267.163 GC heap after
{Heap after GC invocations=55 (full 0):
 garbage-first heap   total 270336K, used 152255K [0x0000000080000000, 0x0000000100000000)
  region size 1024K, 2 young (2048K), 2 survivors (2048K)
 Metaspace       used 116865K, capacity 119630K, committed 120324K, reserved 1153024K
  class space    used 14561K, capacity 15630K, committed 16000K, reserved 1048576K
}
Event: 267.538 GC heap before
{Heap before GC invocations=55 (full 0):
 garbage-first heap   total 270336K, used 202431K [0x0000000080000000, 0x0000000100000000)
  region size 1024K, 52 young (53248K), 2 survivors (2048K)
 Metaspace       used 117384K, capacity 120273K, committed 120836K, reserved 1155072K
  class space    used 14639K, capacity 15738K, committed 16000K, reserved 1048576K
}
Event: 267.548 GC heap after
{Heap after GC invocations=56 (full 0):
 garbage-first heap   total 270336K, used 153234K [0x0000000080000000, 0x0000000100000000)
  region size 1024K, 3 young (3072K), 3 survivors (3072K)
 Metaspace       used 117384K, capacity 120273K, committed 120836K, reserved 1155072K
  class space    used 14639K, capacity 15738K, committed 16000K, reserved 1048576K
}
Event: 267.905 GC heap before
{Heap before GC invocations=56 (full 0):
 garbage-first heap   total 270336K, used 207506K [0x0000000080000000, 0x0000000100000000)
  region size 1024K, 56 young (57344K), 3 survivors (3072K)
 Metaspace       used 117507K, capacity 120426K, committed 120836K, reserved 1155072K
  class space    used 14660K, capacity 15767K, committed 16000K, reserved 1048576K
}
Event: 267.917 GC heap after
{Heap after GC invocations=57 (full 0):
 garbage-first heap   total 328704K, used 153134K [0x0000000080000000, 0x0000000100000000)
  region size 1024K, 3 young (3072K), 3 survivors (3072K)
 Metaspace       used 117507K, capacity 120426K, committed 120836K, reserved 1155072K
  class space    used 14660K, capacity 15767K, committed 16000K, reserved 1048576K
}
Event: 268.408 GC heap before
{Heap before GC invocations=57 (full 0):
 garbage-first heap   total 328704K, used 238126K [0x0000000080000000, 0x0000000100000000)
  region size 1024K, 87 young (89088K), 3 survivors (3072K)
 Metaspace       used 117648K, capacity 120518K, committed 120836K, reserved 1155072K
  class space    used 14665K, capacity 15775K, committed 16000K, reserved 1048576K
}
Event: 268.418 GC heap after
{Heap after GC invocations=58 (full 0):
 garbage-first heap   total 328704K, used 154240K [0x0000000080000000, 0x0000000100000000)
  region size 1024K, 4 young (4096K), 4 survivors (4096K)
 Metaspace       used 117648K, capacity 120518K, committed 120836K, reserved 1155072K
  class space    used 14665K, capacity 15775K, committed 16000K, reserved 1048576K
}
Event: 268.875 GC heap before
{Heap before GC invocations=58 (full 0):
 garbage-first heap   total 328704K, used 247424K [0x0000000080000000, 0x0000000100000000)
  region size 1024K, 94 young (96256K), 4 survivors (4096K)
 Metaspace       used 117836K, capacity 120740K, committed 121092K, reserved 1155072K
  class space    used 14667K, capacity 15779K, committed 16000K, reserved 1048576K
}
Event: 268.886 GC heap after
{Heap after GC invocations=59 (full 0):
 garbage-first heap   total 328704K, used 158474K [0x0000000080000000, 0x0000000100000000)
  region size 1024K, 7 young (7168K), 7 survivors (7168K)
 Metaspace       used 117836K, capacity 120740K, committed 121092K, reserved 1155072K
  class space    used 14667K, capacity 15779K, committed 16000K, reserved 1048576K
}
Event: 269.248 GC heap before
{Heap before GC invocations=59 (full 0):
 garbage-first heap   total 328704K, used 251658K [0x0000000080000000, 0x0000000100000000)
  region size 1024K, 99 young (101376K), 7 survivors (7168K)
 Metaspace       used 118100K, capacity 121011K, committed 121348K, reserved 1155072K
  class space    used 14667K, capacity 15779K, committed 16000K, reserved 1048576K
}
Event: 269.266 GC heap after
{Heap after GC invocations=60 (full 0):
 garbage-first heap   total 328704K, used 164765K [0x0000000080000000, 0x0000000100000000)
  region size 1024K, 13 young (13312K), 13 survivors (13312K)
 Metaspace       used 118100K, capacity 121011K, committed 121348K, reserved 1155072K
  class space    used 14667K, capacity 15779K, committed 16000K, reserved 1048576K
}
Event: 269.534 GC heap before
{Heap before GC invocations=60 (full 0):
 garbage-first heap   total 328704K, used 256925K [0x0000000080000000, 0x0000000100000000)
  region size 1024K, 104 young (106496K), 13 survivors (13312K)
 Metaspace       used 118199K, capacity 121085K, committed 121348K, reserved 1155072K
  class space    used 14670K, capacity 15779K, committed 16000K, reserved 1048576K
}
Event: 269.563 GC heap after
{Heap after GC invocations=61 (full 0):
 garbage-first heap   total 395264K, used 170914K [0x0000000080000000, 0x0000000100000000)
  region size 1024K, 9 young (9216K), 9 survivors (9216K)
 Metaspace       used 118199K, capacity 121085K, committed 121348K, reserved 1155072K
  class space    used 14670K, capacity 15779K, committed 16000K, reserved 1048576K
}
Event: 269.903 GC heap before
{Heap before GC invocations=61 (full 0):
 garbage-first heap   total 395264K, used 287650K [0x0000000080000000, 0x0000000100000000)
  region size 1024K, 124 young (126976K), 9 survivors (9216K)
 Metaspace       used 118319K, capacity 121182K, committed 121604K, reserved 1155072K
  class space    used 14673K, capacity 15785K, committed 16000K, reserved 1048576K
}
Event: 269.918 GC heap after
{Heap after GC invocations=62 (full 0):
 garbage-first heap   total 395264K, used 174761K [0x0000000080000000, 0x0000000100000000)
  region size 1024K, 12 young (12288K), 12 survivors (12288K)
 Metaspace       used 118319K, capacity 121182K, committed 121604K, reserved 1155072K
  class space    used 14673K, capacity 15785K, committed 16000K, reserved 1048576K
}
Event: 270.333 GC heap before
{Heap before GC invocations=62 (full 0):
 garbage-first heap   total 395264K, used 309929K [0x0000000080000000, 0x0000000100000000)
  region size 1024K, 144 young (147456K), 12 survivors (12288K)
 Metaspace       used 118511K, capacity 121423K, committed 121860K, reserved 1155072K
  class space    used 14678K, capacity 15793K, committed 16000K, reserved 1048576K
}
Event: 270.356 GC heap after
{Heap after GC invocations=63 (full 0):
 garbage-first heap   total 395264K, used 179685K [0x0000000080000000, 0x0000000100000000)
  region size 1024K, 11 young (11264K), 11 survivors (11264K)
 Metaspace       used 118511K, capacity 121423K, committed 121860K, reserved 1155072K
  class space    used 14678K, capacity 15793K, committed 16000K, reserved 1048576K
}

